<?xml version="1.0" encoding="UTF-8"?>
<!-- Generated by org.testng.reporters.JUnitXMLReporter -->
<testsuite ignored="0" hostname="LAPTOP-SK2I11LG" failures="1" tests="3" name="Command line test" time="38.511" errors="0" timestamp="17 Mar 2022 02:42:41 GMT">
  <testcase classname="test.AddContactTest" name="ValidUserShouldAbleToAddContact" time="14.095"/>
  <testcase classname="test.ListCustomerTest" name="ValidUserShouldAbleToAddContact" time="13.267">
    <failure type="java.lang.NullPointerException">
      <![CDATA[java.lang.NullPointerException
at java.base/java.util.Objects.requireNonNull(Objects.java:208)
at org.openqa.selenium.support.ui.FluentWait.<init>(FluentWait.java:106)
at org.openqa.selenium.support.ui.WebDriverWait.<init>(WebDriverWait.java:85)
at org.openqa.selenium.support.ui.WebDriverWait.<init>(WebDriverWait.java:45)
at page.BasePage.waitForElement(BasePage.java:24)
at page.ListCustomerPage.Explicitwaitforcontactpage(ListCustomerPage.java:26)
at test.ListCustomerTest.ValidUserShouldAbleToAddContact(ListCustomerTest.java:50)
... Removed 35 stack frames]]>
    </failure>
  </testcase> <!-- ValidUserShouldAbleToAddContact -->
  <testcase classname="test.LoginTest" name="validUserShouldAbleToLogin" time="11.09"/>
</testsuite> <!-- Command line test -->
