<?xml version="1.0" encoding="UTF-8" ?>
<testsuite tests="3" failures="1" name="TestSuite" time="38.458" errors="0" skipped="0">
  <properties>
[...]
</properties>
  <testcase classname="test.AddContactTest" name="ValidUserShouldAbleToAddContact" time="14.1"/>
  <testcase classname="test.ListCustomerTest" name="ValidUserShouldAbleToAddContact" time="13.269">
    <failure type="java.lang.NullPointerException">java.lang.NullPointerException
	at java.base/java.util.Objects.requireNonNull(Objects.java:208)
	at org.openqa.selenium.support.ui.FluentWait.&lt;init&gt;(FluentWait.java:106)
	at org.openqa.selenium.support.ui.WebDriverWait.&lt;init&gt;(WebDriverWait.java:85)
	at org.openqa.selenium.support.ui.WebDriverWait.&lt;init&gt;(WebDriverWait.java:45)
	at page.BasePage.waitForElement(BasePage.java:24)
	at page.ListCustomerPage.Explicitwaitforcontactpage(ListCustomerPage.java:26)
	at test.ListCustomerTest.ValidUserShouldAbleToAddContact(ListCustomerTest.java:50)
</failure>
    <system-err>Starting ChromeDriver 98.0.4758.102 (273bf7ac8c909cde36982d27f66f3c70846a3718-refs/branch-heads/4758@{#1151}) on port 29164
Only local connections are allowed.
Please see https://chromedriver.chromium.org/security-considerations for suggestions on keeping ChromeDriver safe.
ChromeDriver was started successfully.
[1647484938.027][WARNING]: This version of ChromeDriver has not been tested with Chrome version 99.
Mar 16, 2022 10:42:19 PM org.openqa.selenium.remote.ProtocolHandshake createSession
INFO: Detected dialect: W3C
</system-err>
  </testcase>
  <testcase classname="test.LoginTest" name="validUserShouldAbleToLogin" time="11.089"/>
</testsuite>